{
  "Unknown Test Framework": {
    "coverage": {
      "/Users/allenrussell/turing_work/mod1/Projects/battleship/lib/ship.rb": {
        "lines": [
          1,
          1,
          null,
          null,
          null,
          1,
          8,
          8,
          8,
          null,
          null,
          1,
          296,
          null,
          null,
          1,
          8,
          null,
          null
        ]
      },
      "/Users/allenrussell/turing_work/mod1/Projects/battleship/lib/cell.rb": {
        "lines": [
          1,
          1,
          null,
          null,
          null,
          1,
          64,
          64,
          64,
          null,
          null,
          1,
          20,
          null,
          null,
          1,
          10,
          null,
          null,
          1,
          34,
          null,
          null,
          1,
          24,
          24,
          null,
          null,
          1,
          1012,
          27,
          985,
          61,
          924,
          301,
          623,
          101,
          null,
          522,
          null,
          null,
          null,
          null,
          null
        ]
      },
      "/Users/allenrussell/turing_work/mod1/Projects/battleship/lib/board.rb": {
        "lines": [
          null,
          1,
          1,
          null,
          1,
          null,
          4,
          null,
          null,
          null,
          null,
          null,
          null,
          null,
          null,
          null,
          null,
          null,
          null,
          null,
          null,
          null,
          null,
          null,
          null,
          1,
          31,
          null,
          null,
          1,
          504,
          504,
          null,
          128,
          128,
          128,
          null,
          128,
          28,
          null,
          null,
          1,
          145,
          123,
          null,
          null,
          1,
          4,
          4,
          10,
          null,
          null,
          null,
          1,
          55,
          null,
          null,
          null
        ]
      },
      "/Users/allenrussell/turing_work/mod1/Projects/battleship/lib/game.rb": {
        "lines": [
          1,
          null,
          1,
          1,
          1,
          null,
          1,
          1,
          1,
          1,
          1,
          1,
          1,
          1,
          1,
          null,
          null,
          1,
          2,
          2,
          2,
          2,
          2,
          2,
          null,
          2,
          null,
          2,
          1,
          1,
          null,
          1,
          null,
          null,
          null,
          1,
          1,
          1,
          1,
          1,
          1,
          1,
          1,
          null,
          null,
          1,
          3,
          3,
          1,
          null,
          2,
          null,
          null,
          null,
          1,
          118,
          118,
          1,
          null,
          117,
          null,
          null,
          null,
          1,
          3,
          3,
          3,
          3,
          3,
          3,
          null,
          3,
          3,
          8,
          null,
          3,
          2,
          2,
          null,
          1,
          1,
          null,
          null,
          null,
          1,
          1,
          1,
          3,
          null,
          1,
          0,
          0,
          null,
          1,
          1,
          null,
          null,
          null,
          1,
          25,
          25,
          25,
          null,
          25,
          25,
          25,
          null,
          null,
          1,
          12,
          12,
          12,
          22,
          null,
          12,
          12,
          null,
          null,
          1,
          24,
          0,
          0,
          24,
          2,
          2,
          22,
          3,
          3,
          19,
          3,
          3,
          16,
          11,
          11,
          5,
          5,
          5,
          null,
          null,
          null,
          1,
          12,
          12,
          12,
          null,
          0,
          0,
          null,
          12,
          12,
          12,
          null,
          null,
          1,
          12,
          2,
          10,
          0,
          null,
          null,
          null,
          1,
          1,
          12,
          12,
          12,
          12,
          12,
          null,
          null,
          1,
          1,
          1,
          1,
          1,
          null,
          0,
          0,
          0,
          0,
          0,
          null,
          null,
          null,
          1,
          1,
          1,
          1,
          1,
          1,
          null,
          null,
          1,
          1,
          1,
          1,
          1,
          1,
          1,
          1,
          1,
          null,
          null,
          null
        ]
      },
      "/Users/allenrussell/turing_work/mod1/Projects/battleship/lib/asciiable.rb": {
        "lines": [
          1,
          1,
          2,
          null,
          null,
          null,
          null,
          null,
          null,
          null,
          1,
          2,
          null,
          null,
          null,
          null,
          null,
          null,
          null,
          1,
          1,
          null,
          null,
          null,
          null,
          null,
          null,
          1,
          2,
          null,
          null,
          null,
          null,
          null,
          null,
          null,
          null,
          null,
          null,
          null,
          1,
          3,
          null,
          null,
          null,
          null,
          null,
          null,
          null,
          null,
          null,
          null,
          null,
          null,
          1,
          3,
          null,
          null,
          null,
          null,
          null,
          null,
          null,
          null,
          null,
          null,
          null,
          null,
          1,
          11,
          null,
          null,
          null,
          null,
          null,
          null,
          null,
          null,
          null,
          null,
          null,
          1,
          5,
          null,
          null,
          null,
          null,
          null,
          null,
          null,
          null,
          null,
          null,
          null,
          1,
          1,
          null,
          null,
          null,
          null,
          null,
          null,
          null,
          null,
          1,
          1,
          null,
          null,
          null,
          null,
          null,
          null,
          null,
          null,
          null
        ]
      }
    },
    "timestamp": 1699467256
  },
  "RSpec": {
    "coverage": {
      "/Users/allenrussell/turing_work/mod1/Projects/battleship/lib/ship.rb": {
        "lines": [
          1,
          1,
          null,
          null,
          null,
          1,
          14,
          14,
          14,
          null,
          null,
          1,
          6,
          null,
          null,
          1,
          0,
          null,
          null
        ]
      },
      "/Users/allenrussell/turing_work/mod1/Projects/battleship/lib/cell.rb": {
        "lines": [
          1,
          1,
          null,
          null,
          null,
          1,
          956,
          956,
          956,
          null,
          null,
          1,
          10,
          null,
          null,
          1,
          9,
          null,
          null,
          1,
          0,
          null,
          null,
          1,
          0,
          0,
          null,
          null,
          1,
          32,
          0,
          32,
          0,
          32,
          0,
          32,
          3,
          null,
          29,
          null,
          null,
          null,
          null,
          null
        ]
      },
      "/Users/allenrussell/turing_work/mod1/Projects/battleship/lib/board.rb": {
        "lines": [
          null,
          1,
          1,
          null,
          1,
          14,
          14,
          null,
          null,
          1,
          23,
          23,
          23,
          23,
          134,
          956,
          956,
          null,
          null,
          23,
          null,
          null,
          1,
          10,
          null,
          null,
          1,
          51,
          51,
          null,
          14,
          14,
          14,
          null,
          14,
          14,
          null,
          null,
          1,
          32,
          10,
          null,
          null,
          1,
          3,
          3,
          9,
          null,
          null,
          null,
          1,
          2,
          1,
          null,
          null,
          1,
          null,
          null,
          null,
          null,
          1,
          2,
          2,
          8,
          null,
          2,
          null,
          null,
          1,
          2,
          2,
          2,
          8,
          8,
          128,
          null,
          null,
          8,
          32,
          null,
          8,
          null,
          2,
          null,
          null,
          null
        ]
      },
      "/Users/allenrussell/turing_work/mod1/Projects/battleship/lib/game.rb": {
        "lines": [
          1,
          null,
          1,
          1,
          1,
          null,
          1,
          0,
          0,
          0,
          0,
          0,
          0,
          0,
          0,
          null,
          null,
          1,
          0,
          0,
          0,
          0,
          0,
          0,
          null,
          0,
          null,
          0,
          0,
          0,
          null,
          0,
          null,
          null,
          null,
          1,
          0,
          0,
          0,
          0,
          0,
          0,
          0,
          null,
          null,
          1,
          0,
          0,
          0,
          null,
          0,
          null,
          null,
          null,
          1,
          0,
          0,
          0,
          null,
          0,
          null,
          null,
          null,
          1,
          0,
          0,
          0,
          0,
          0,
          0,
          null,
          0,
          0,
          0,
          null,
          0,
          0,
          0,
          null,
          0,
          0,
          null,
          null,
          null,
          1,
          0,
          0,
          0,
          null,
          0,
          0,
          0,
          null,
          0,
          0,
          null,
          null,
          null,
          1,
          0,
          0,
          0,
          null,
          0,
          0,
          0,
          null,
          null,
          1,
          0,
          0,
          0,
          0,
          null,
          0,
          0,
          null,
          null,
          1,
          0,
          0,
          0,
          0,
          0,
          0,
          0,
          0,
          0,
          0,
          0,
          0,
          0,
          0,
          0,
          0,
          0,
          0,
          null,
          null,
          null,
          1,
          0,
          0,
          0,
          null,
          0,
          0,
          null,
          0,
          0,
          0,
          null,
          null,
          1,
          0,
          0,
          0,
          0,
          null,
          null,
          null,
          1,
          0,
          0,
          0,
          0,
          0,
          0,
          null,
          null,
          0,
          0,
          0,
          0,
          0,
          null,
          0,
          0,
          0,
          0,
          0,
          null,
          null,
          null,
          1,
          0,
          0,
          0,
          0,
          0,
          null,
          null,
          1,
          0,
          0,
          0,
          0,
          0,
          0,
          0,
          0,
          null,
          null,
          null
        ]
      },
      "/Users/allenrussell/turing_work/mod1/Projects/battleship/lib/asciiable.rb": {
        "lines": [
          1,
          1,
          0,
          null,
          null,
          null,
          null,
          null,
          null,
          null,
          1,
          0,
          null,
          null,
          null,
          null,
          null,
          null,
          null,
          1,
          0,
          null,
          null,
          null,
          null,
          null,
          null,
          1,
          0,
          null,
          null,
          null,
          null,
          null,
          null,
          null,
          null,
          null,
          null,
          null,
          1,
          0,
          null,
          null,
          null,
          null,
          null,
          null,
          null,
          null,
          null,
          null,
          null,
          null,
          1,
          0,
          null,
          null,
          null,
          null,
          null,
          null,
          null,
          null,
          null,
          null,
          null,
          null,
          1,
          0,
          null,
          null,
          null,
          null,
          null,
          null,
          null,
          null,
          null,
          null,
          null,
          1,
          0,
          null,
          null,
          null,
          null,
          null,
          null,
          null,
          null,
          null,
          null,
          null,
          1,
          0,
          null,
          null,
          null,
          null,
          null,
          null,
          null,
          null,
          1,
          0,
          null,
          null,
          null,
          null,
          null,
          null,
          null,
          null,
          null
        ]
      }
    },
    "timestamp": 1699936858
  }
}
